<?xml version="1.0" encoding="UTF-8"?>
<testng-results total="10" passed="9" failed="1" skipped="0">
  <reporter-output>
  </reporter-output>
  <suite started-at="2022-11-06T17:17:27Z" name="FREE CRM Application Test Automation Test Suite" finished-at="2022-11-06T17:21:19Z" duration-ms="231650">
    <groups>
    </groups>
    <test started-at="2022-11-06T17:17:27Z" name="Free CRM App Test Cases" finished-at="2022-11-06T17:21:19Z" duration-ms="231650">
      <class name="com.practice.qa.testcases.LoginPageTest">
        <test-method is-config="true" signature="setUp()[pri:0, instance:com.practice.qa.testcases.LoginPageTest@3c947bc5]" started-at="2022-11-06T12:17:27Z" name="setUp" finished-at="2022-11-06T12:17:45Z" duration-ms="17546" status="PASS">
          <reporter-output>
          </reporter-output>
        </test-method> <!-- setUp -->
        <test-method signature="loginPageTitleTest()[pri:0, instance:com.practice.qa.testcases.LoginPageTest@3c947bc5]" started-at="2022-11-06T12:17:45Z" name="loginPageTitleTest" finished-at="2022-11-06T12:17:48Z" duration-ms="3782" status="PASS">
          <reporter-output>
          </reporter-output>
        </test-method> <!-- loginPageTitleTest -->
        <test-method is-config="true" signature="tearDown()[pri:0, instance:com.practice.qa.testcases.LoginPageTest@3c947bc5]" started-at="2022-11-06T12:17:48Z" name="tearDown" finished-at="2022-11-06T12:17:49Z" duration-ms="122" status="PASS">
          <reporter-output>
          </reporter-output>
        </test-method> <!-- tearDown -->
        <test-method is-config="true" signature="setUp()[pri:0, instance:com.practice.qa.testcases.LoginPageTest@3c947bc5]" started-at="2022-11-06T12:17:49Z" name="setUp" finished-at="2022-11-06T12:18:02Z" duration-ms="13115" status="PASS">
          <reporter-output>
          </reporter-output>
        </test-method> <!-- setUp -->
        <test-method signature="crmLogoImageTest()[pri:0, instance:com.practice.qa.testcases.LoginPageTest@3c947bc5]" started-at="2022-11-06T12:18:02Z" name="crmLogoImageTest" finished-at="2022-11-06T12:18:08Z" duration-ms="6530" status="PASS">
          <reporter-output>
          </reporter-output>
        </test-method> <!-- crmLogoImageTest -->
        <test-method is-config="true" signature="tearDown()[pri:0, instance:com.practice.qa.testcases.LoginPageTest@3c947bc5]" started-at="2022-11-06T12:18:08Z" name="tearDown" finished-at="2022-11-06T12:18:08Z" duration-ms="113" status="PASS">
          <reporter-output>
          </reporter-output>
        </test-method> <!-- tearDown -->
        <test-method is-config="true" signature="setUp()[pri:0, instance:com.practice.qa.testcases.LoginPageTest@3c947bc5]" started-at="2022-11-06T12:18:08Z" name="setUp" finished-at="2022-11-06T12:18:21Z" duration-ms="12932" status="PASS">
          <reporter-output>
          </reporter-output>
        </test-method> <!-- setUp -->
        <test-method signature="loginTest()[pri:0, instance:com.practice.qa.testcases.LoginPageTest@3c947bc5]" started-at="2022-11-06T12:18:21Z" name="loginTest" finished-at="2022-11-06T12:18:35Z" duration-ms="13662" status="PASS">
          <reporter-output>
          </reporter-output>
        </test-method> <!-- loginTest -->
        <test-method is-config="true" signature="tearDown()[pri:0, instance:com.practice.qa.testcases.LoginPageTest@3c947bc5]" started-at="2022-11-06T12:18:35Z" name="tearDown" finished-at="2022-11-06T12:18:35Z" duration-ms="114" status="PASS">
          <reporter-output>
          </reporter-output>
        </test-method> <!-- tearDown -->
      </class> <!-- com.practice.qa.testcases.LoginPageTest -->
      <class name="com.practice.qa.testcases.ContactsPageTest">
        <test-method is-config="true" signature="setUp()[pri:0, instance:com.practice.qa.testcases.ContactsPageTest@524d6d96]" started-at="2022-11-06T12:19:56Z" name="setUp" finished-at="2022-11-06T12:20:23Z" duration-ms="27203" status="PASS">
          <reporter-output>
          </reporter-output>
        </test-method> <!-- setUp -->
        <test-method signature="VerifyContactsPageLable()[pri:0, instance:com.practice.qa.testcases.ContactsPageTest@524d6d96]" started-at="2022-11-06T12:20:23Z" name="VerifyContactsPageLable" finished-at="2022-11-06T12:20:24Z" duration-ms="623" status="PASS">
          <reporter-output>
          </reporter-output>
        </test-method> <!-- VerifyContactsPageLable -->
        <test-method is-config="true" signature="tearDown()[pri:0, instance:com.practice.qa.testcases.ContactsPageTest@524d6d96]" started-at="2022-11-06T12:20:24Z" name="tearDown" finished-at="2022-11-06T12:20:24Z" duration-ms="114" status="PASS">
          <reporter-output>
          </reporter-output>
        </test-method> <!-- tearDown -->
        <test-method is-config="true" signature="setUp()[pri:0, instance:com.practice.qa.testcases.ContactsPageTest@524d6d96]" started-at="2022-11-06T12:20:24Z" name="setUp" finished-at="2022-11-06T12:20:51Z" duration-ms="26742" status="PASS">
          <reporter-output>
          </reporter-output>
        </test-method> <!-- setUp -->
        <test-method signature="selectContactsTest()[pri:0, instance:com.practice.qa.testcases.ContactsPageTest@524d6d96]" started-at="2022-11-06T12:20:51Z" name="selectContactsTest" finished-at="2022-11-06T12:20:51Z" duration-ms="471" status="PASS">
          <reporter-output>
          </reporter-output>
        </test-method> <!-- selectContactsTest -->
        <test-method is-config="true" signature="tearDown()[pri:0, instance:com.practice.qa.testcases.ContactsPageTest@524d6d96]" started-at="2022-11-06T12:20:51Z" name="tearDown" finished-at="2022-11-06T12:20:51Z" duration-ms="113" status="PASS">
          <reporter-output>
          </reporter-output>
        </test-method> <!-- tearDown -->
        <test-method is-config="true" signature="setUp()[pri:0, instance:com.practice.qa.testcases.ContactsPageTest@524d6d96]" started-at="2022-11-06T12:20:51Z" name="setUp" finished-at="2022-11-06T12:21:18Z" duration-ms="27007" status="PASS">
          <reporter-output>
          </reporter-output>
        </test-method> <!-- setUp -->
        <test-method signature="selectMultipleContactsTest()[pri:0, instance:com.practice.qa.testcases.ContactsPageTest@524d6d96]" started-at="2022-11-06T12:21:18Z" name="selectMultipleContactsTest" finished-at="2022-11-06T12:21:19Z" duration-ms="270" status="PASS">
          <reporter-output>
          </reporter-output>
        </test-method> <!-- selectMultipleContactsTest -->
        <test-method is-config="true" signature="tearDown()[pri:0, instance:com.practice.qa.testcases.ContactsPageTest@524d6d96]" started-at="2022-11-06T12:21:19Z" name="tearDown" finished-at="2022-11-06T12:21:19Z" duration-ms="112" status="PASS">
          <reporter-output>
          </reporter-output>
        </test-method> <!-- tearDown -->
        <test-method signature="VerifyContactAdded(java.lang.String, java.lang.String, java.lang.String, java.lang.String)[pri:0, instance:com.practice.qa.testcases.ContactsPageTest@524d6d96]" started-at="2022-11-06T12:21:19Z" name="VerifyContactAdded" data-provider="getCRMTestData" finished-at="2022-11-06T12:21:19Z" duration-ms="0" status="FAIL">
          <exception class="java.lang.RuntimeException">
            <message>
              <![CDATA[java.lang.NullPointerException: Cannot invoke "java.io.InputStream.markSupported()" because "inp" is null]]>
            </message>
            <full-stacktrace>
              <![CDATA[java.lang.RuntimeException: java.lang.NullPointerException: Cannot invoke "java.io.InputStream.markSupported()" because "inp" is null
	at org.testng.internal.MethodInvocationHelper.invokeDataProvider(MethodInvocationHelper.java:161)
	at org.testng.internal.Parameters.handleParameters(Parameters.java:429)
	at org.testng.internal.Invoker.handleParameters(Invoker.java:1383)
	at org.testng.internal.Invoker.createParameters(Invoker.java:1075)
	at org.testng.internal.Invoker.invokeTestMethods(Invoker.java:1180)
	at org.testng.internal.TestMethodWorker.invokeTestMethods(TestMethodWorker.java:127)
	at org.testng.internal.TestMethodWorker.run(TestMethodWorker.java:111)
	at org.testng.TestRunner.privateRun(TestRunner.java:767)
	at org.testng.TestRunner.run(TestRunner.java:617)
	at org.testng.SuiteRunner.runTest(SuiteRunner.java:348)
	at org.testng.SuiteRunner.runSequentially(SuiteRunner.java:343)
	at org.testng.SuiteRunner.privateRun(SuiteRunner.java:305)
	at org.testng.SuiteRunner.run(SuiteRunner.java:254)
	at org.testng.SuiteRunnerWorker.runSuite(SuiteRunnerWorker.java:52)
	at org.testng.SuiteRunnerWorker.run(SuiteRunnerWorker.java:86)
	at org.testng.TestNG.runSuitesSequentially(TestNG.java:1224)
	at org.testng.TestNG.runSuitesLocally(TestNG.java:1149)
	at org.testng.TestNG.run(TestNG.java:1057)
	at org.testng.remote.AbstractRemoteTestNG.run(AbstractRemoteTestNG.java:115)
	at org.testng.remote.RemoteTestNG.initAndRun(RemoteTestNG.java:251)
	at org.testng.remote.RemoteTestNG.main(RemoteTestNG.java:77)
Caused by: java.lang.NullPointerException: Cannot invoke "java.io.InputStream.markSupported()" because "inp" is null
	at org.apache.poi.ss.usermodel.WorkbookFactory.create(WorkbookFactory.java:55)
	at com.practice.qa.utill.TestUtill.getTestData(TestUtill.java:43)
	at com.practice.qa.testcases.ContactsPageTest.getCRMTestData(ContactsPageTest.java:60)
	at java.base/jdk.internal.reflect.NativeMethodAccessorImpl.invoke0(Native Method)
	at java.base/jdk.internal.reflect.NativeMethodAccessorImpl.invoke(NativeMethodAccessorImpl.java:64)
	at java.base/jdk.internal.reflect.DelegatingMethodAccessorImpl.invoke(DelegatingMethodAccessorImpl.java:43)
	at java.base/java.lang.reflect.Method.invoke(Method.java:564)
	at org.testng.internal.MethodInvocationHelper.invokeMethod(MethodInvocationHelper.java:84)
	at org.testng.internal.MethodInvocationHelper.invokeDataProvider(MethodInvocationHelper.java:135)
	... 20 more
]]>
            </full-stacktrace>
          </exception> <!-- java.lang.RuntimeException -->
          <reporter-output>
          </reporter-output>
        </test-method> <!-- VerifyContactAdded -->
      </class> <!-- com.practice.qa.testcases.ContactsPageTest -->
      <class name="com.practice.qa.testcases.HomePageTest">
        <test-method is-config="true" signature="setUp()[pri:0, instance:com.practice.qa.testcases.HomePageTest@152aa092]" started-at="2022-11-06T12:18:35Z" name="setUp" finished-at="2022-11-06T12:19:01Z" duration-ms="26324" status="PASS">
          <reporter-output>
          </reporter-output>
        </test-method> <!-- setUp -->
        <test-method signature="verifyHomePageTitleTest()[pri:0, instance:com.practice.qa.testcases.HomePageTest@152aa092]" started-at="2022-11-06T12:19:01Z" name="verifyHomePageTitleTest" finished-at="2022-11-06T12:19:01Z" duration-ms="119" status="PASS">
          <reporter-output>
          </reporter-output>
        </test-method> <!-- verifyHomePageTitleTest -->
        <test-method is-config="true" signature="tearDown()[pri:0, instance:com.practice.qa.testcases.HomePageTest@152aa092]" started-at="2022-11-06T12:19:01Z" name="tearDown" finished-at="2022-11-06T12:19:02Z" duration-ms="114" status="PASS">
          <reporter-output>
          </reporter-output>
        </test-method> <!-- tearDown -->
        <test-method is-config="true" signature="setUp()[pri:0, instance:com.practice.qa.testcases.HomePageTest@152aa092]" started-at="2022-11-06T12:19:02Z" name="setUp" finished-at="2022-11-06T12:19:28Z" duration-ms="26163" status="PASS">
          <reporter-output>
          </reporter-output>
        </test-method> <!-- setUp -->
        <test-method signature="verifyUserNameTest()[pri:0, instance:com.practice.qa.testcases.HomePageTest@152aa092]" started-at="2022-11-06T12:19:28Z" name="verifyUserNameTest" finished-at="2022-11-06T12:19:28Z" duration-ms="422" status="PASS">
          <reporter-output>
          </reporter-output>
        </test-method> <!-- verifyUserNameTest -->
        <test-method is-config="true" signature="tearDown()[pri:0, instance:com.practice.qa.testcases.HomePageTest@152aa092]" started-at="2022-11-06T12:19:28Z" name="tearDown" finished-at="2022-11-06T12:19:28Z" duration-ms="110" status="PASS">
          <reporter-output>
          </reporter-output>
        </test-method> <!-- tearDown -->
        <test-method is-config="true" signature="setUp()[pri:0, instance:com.practice.qa.testcases.HomePageTest@152aa092]" started-at="2022-11-06T12:19:28Z" name="setUp" finished-at="2022-11-06T12:19:54Z" duration-ms="25894" status="PASS">
          <reporter-output>
          </reporter-output>
        </test-method> <!-- setUp -->
        <test-method signature="verifyContactsLinkTest()[pri:0, instance:com.practice.qa.testcases.HomePageTest@152aa092]" started-at="2022-11-06T12:19:54Z" name="verifyContactsLinkTest" finished-at="2022-11-06T12:19:56Z" duration-ms="1732" status="PASS">
          <reporter-output>
          </reporter-output>
        </test-method> <!-- verifyContactsLinkTest -->
        <test-method is-config="true" signature="tearDown()[pri:0, instance:com.practice.qa.testcases.HomePageTest@152aa092]" started-at="2022-11-06T12:19:56Z" name="tearDown" finished-at="2022-11-06T12:19:56Z" duration-ms="114" status="PASS">
          <reporter-output>
          </reporter-output>
        </test-method> <!-- tearDown -->
      </class> <!-- com.practice.qa.testcases.HomePageTest -->
    </test> <!-- Free CRM App Test Cases -->
  </suite> <!-- FREE CRM Application Test Automation Test Suite -->
</testng-results>
